<?xml version="1.0" encoding="UTF-8"?>
<!-- Generated by org.testng.reporters.JUnitReportReporter -->
<testsuite hostname="LAPTOP-EDF0T20S" failures="0" tests="1" name="com.techbeamers.LoadTest01" time="3.261" errors="0" timestamp="2021-02-21T10:06:02 IST" skipped="0">
  <testcase classname="com.techbeamers.LoadTest01" name="verifySearchButton" time="3.261"/>
  <system-out/>
</testsuite> <!-- com.techbeamers.LoadTest01 -->
